2020-04-02 14:00:39,778 INFO org.springframework.boot.StartupInfoLogger [main] Starting RestServiceApplication on Glebs-MBP with PID 53370 (/Users/gleb/Projects/gs-rest-service/initial/target/classes started by gleb in /Users/gleb/Projects/gs-rest-service/initial)
2020-04-02 14:00:39,780 INFO org.springframework.boot.SpringApplication [main] No active profile set, falling back to default profiles: default
2020-04-02 14:00:40,346 INFO org.springframework.boot.web.embedded.tomcat.TomcatWebServer [main] Tomcat initialized with port(s): 8080 (http)
2020-04-02 14:00:40,352 INFO org.apache.juli.logging.DirectJDKLog [main] Initializing ProtocolHandler ["http-nio-8080"]
2020-04-02 14:00:40,352 INFO org.apache.juli.logging.DirectJDKLog [main] Starting service [Tomcat]
2020-04-02 14:00:40,352 INFO org.apache.juli.logging.DirectJDKLog [main] Starting Servlet engine: [Apache Tomcat/9.0.29]
2020-04-02 14:00:40,400 INFO org.apache.juli.logging.DirectJDKLog [main] Initializing Spring embedded WebApplicationContext
2020-04-02 14:00:40,400 INFO org.springframework.boot.web.servlet.context.ServletWebServerApplicationContext [main] Root WebApplicationContext: initialization completed in 591 ms
2020-04-02 14:00:40,495 INFO org.springframework.scheduling.concurrent.ExecutorConfigurationSupport [main] Initializing ExecutorService 'applicationTaskExecutor'
2020-04-02 14:00:40,573 INFO org.apache.juli.logging.DirectJDKLog [main] Starting ProtocolHandler ["http-nio-8080"]
2020-04-02 14:00:40,593 INFO org.springframework.boot.web.embedded.tomcat.TomcatWebServer [main] Tomcat started on port(s): 8080 (http) with context path ''
2020-04-02 14:00:40,596 INFO org.springframework.boot.StartupInfoLogger [main] Started RestServiceApplication in 1.068 seconds (JVM running for 1.781)
2020-04-02 14:00:57,581 INFO org.apache.juli.logging.DirectJDKLog [http-nio-8080-exec-2] Initializing Spring DispatcherServlet 'dispatcherServlet'
2020-04-02 14:00:57,582 INFO org.springframework.web.servlet.FrameworkServlet [http-nio-8080-exec-2] Initializing Servlet 'dispatcherServlet'
2020-04-02 14:00:57,586 INFO org.springframework.web.servlet.FrameworkServlet [http-nio-8080-exec-2] Completed initialization in 4 ms
2020-04-02 14:00:57,601 INFO com.example.restservice.GreetingController [http-nio-8080-exec-2] An INFO Message
2020-04-02 14:00:57,602 WARN com.example.restservice.GreetingController [http-nio-8080-exec-2] A WARN Message
2020-04-02 14:00:57,602 ERROR com.example.restservice.GreetingController [http-nio-8080-exec-2] An ERROR Message
2020-04-02 14:02:01,814 INFO org.springframework.scheduling.concurrent.ExecutorConfigurationSupport [SpringContextShutdownHook] Shutting down ExecutorService 'applicationTaskExecutor'
2020-04-02 15:01:42,062 INFO org.springframework.boot.StartupInfoLogger [main] Starting RestServiceApplicationTests on Glebs-MBP with PID 53556 (started by gleb in /Users/gleb/Projects/gs-rest-service/initial)
2020-04-02 15:01:42,064 INFO org.springframework.boot.SpringApplication [main] No active profile set, falling back to default profiles: default
2020-04-02 15:01:42,906 INFO org.springframework.scheduling.concurrent.ExecutorConfigurationSupport [main] Initializing ExecutorService 'applicationTaskExecutor'
2020-04-02 15:01:43,079 INFO org.springframework.boot.StartupInfoLogger [main] Started RestServiceApplicationTests in 1.307 seconds (JVM running for 1.973)
2020-04-02 15:01:43,406 INFO org.springframework.scheduling.concurrent.ExecutorConfigurationSupport [SpringContextShutdownHook] Shutting down ExecutorService 'applicationTaskExecutor'
2020-04-02 15:55:52,853 INFO org.springframework.boot.StartupInfoLogger [main] Starting RestServiceApplicationTests on Glebs-MBP with PID 54037 (started by gleb in /Users/gleb/Projects/docker-spring-test)
2020-04-02 15:55:52,854 INFO org.springframework.boot.SpringApplication [main] No active profile set, falling back to default profiles: default
2020-04-02 15:55:53,659 INFO org.springframework.scheduling.concurrent.ExecutorConfigurationSupport [main] Initializing ExecutorService 'applicationTaskExecutor'
2020-04-02 15:55:53,842 INFO org.springframework.boot.StartupInfoLogger [main] Started RestServiceApplicationTests in 1.252 seconds (JVM running for 1.897)
2020-04-02 15:55:54,158 INFO org.springframework.scheduling.concurrent.ExecutorConfigurationSupport [SpringContextShutdownHook] Shutting down ExecutorService 'applicationTaskExecutor'
